008_6_1_stool_1	bfragilis	75	dnaJ(4)	fusA(3)	groL(1)	prfA(31)	recA(2)	rpoB(37)	rprX(2)
008_6_23_stool	bfragilis	75	dnaJ(4)	fusA(3)	groL(1)	prfA(31)	recA(2)	rpoB(37)	rprX(2)
045_3_9_stool_1	bfragilis	-	dnaJ(4)	fusA(-)	groL(1)	prfA(2)	recA(3)	rpoB(-)	rprX(2)
047_3_10_stool_1	bfragilis	-	dnaJ(4)	fusA(-)	groL(1)	prfA(2)	recA(2)	rpoB(-)	rprX(2)
1001095H_141210_E11	bfragilis	-	dnaJ(1)	fusA(-)	groL(1)	prfA(14)	recA(2)	rpoB(-)	rprX(1)
1001136B_160425_F11	bfragilis	89	dnaJ(4)	fusA(3)	groL(1)	prfA(6)	recA(3)	rpoB(1)	rprX(4)
1001175st1_C3	bfragilis	48	dnaJ(14)	fusA(13)	groL(1)	prfA(6)	recA(3)	rpoB(5)	rprX(2)
1001285H_161024_D4	bfragilis	16	dnaJ(4)	fusA(14)	groL(1)	prfA(13)	recA(2)	rpoB(5)	rprX(2)
1007_1_F_10	bfragilis	68	dnaJ(4)	fusA(43)	groL(4)	prfA(29)	recA(6)	rpoB(14)	rprX(2)
1007_1_F_4	bfragilis	68	dnaJ(4)	fusA(43)	groL(4)	prfA(29)	recA(6)	rpoB(14)	rprX(2)
1007_1_F_5	bfragilis	68	dnaJ(4)	fusA(43)	groL(4)	prfA(29)	recA(6)	rpoB(14)	rprX(2)
1007_1_F_6	bfragilis	68	dnaJ(4)	fusA(43)	groL(4)	prfA(29)	recA(6)	rpoB(14)	rprX(2)
1007_1_F_7	bfragilis	68	dnaJ(4)	fusA(43)	groL(4)	prfA(29)	recA(6)	rpoB(14)	rprX(2)
1007_1_F_8	bfragilis	68	dnaJ(4)	fusA(43)	groL(4)	prfA(29)	recA(6)	rpoB(14)	rprX(2)
1007_1_F_9	bfragilis	68	dnaJ(4)	fusA(43)	groL(4)	prfA(29)	recA(6)	rpoB(14)	rprX(2)
1009_4_F_10	bfragilis	98	dnaJ(4)	fusA(3)	groL(1)	prfA(3)	recA(3)	rpoB(4)	rprX(2)
103_M	bfragilis	-	dnaJ(4)	fusA(3)	groL(1)	prfA(31)	recA(2)	rpoB(-)	rprX(2)
1048_bav	bfragilis	-	dnaJ(14)	fusA(-)	groL(1)	prfA(6)	recA(3)	rpoB(5)	rprX(2)
10_4M	bfragilis	-	dnaJ(10)	fusA(3)	groL(1)	prfA(2)	recA(3)	rpoB(5)	rprX(2)
10_B	bfragilis	-	dnaJ(10)	fusA(3)	groL(1)	prfA(2)	recA(3)	rpoB(5)	rprX(2)
10_M	bfragilis	-	dnaJ(10)	fusA(-)	groL(1)	prfA(2)	recA(3)	rpoB(-)	rprX(2)
11301_ST_2M_1	bfragilis	9	dnaJ(4)	fusA(3)	groL(1)	prfA(10)	recA(3)	rpoB(1)	rprX(2)
11301_ST_5m	bfragilis	9	dnaJ(4)	fusA(3)	groL(1)	prfA(10)	recA(3)	rpoB(1)	rprX(2)
11961_ST_5m_1	bfragilis	90	dnaJ(4)	fusA(3)	groL(1)	prfA(3)	recA(2)	rpoB(1)	rprX(24)
130_4M	bfragilis	-	dnaJ(1)	fusA(12)	groL(1)	prfA(6)	recA(8)	rpoB(1)	rprX(1)
133_4M	bfragilis	132	dnaJ(4)	fusA(3)	groL(1)	prfA(2)	recA(2)	rpoB(1)	rprX(4)
137_12M	bfragilis	9	dnaJ(4)	fusA(3)	groL(1)	prfA(10)	recA(3)	rpoB(1)	rprX(2)
137_4M	bfragilis	9	dnaJ(4)	fusA(3)	groL(1)	prfA(10)	recA(3)	rpoB(1)	rprX(2)
137_M	bfragilis	-	dnaJ(4)	fusA(-)	groL(1)	prfA(10)	recA(3)	rpoB(-)	rprX(2)
14_106904_1	bfragilis	9	dnaJ(4)	fusA(3)	groL(1)	prfA(10)	recA(3)	rpoB(1)	rprX(2)
1_4M	bfragilis	-	dnaJ(~27)	fusA(-)	groL(5)	prfA(2)	recA(3)	rpoB(-)	rprX(2)
150_12M	bfragilis	-	dnaJ(4)	fusA(-)	groL(1)	prfA(2)	recA(2)	rpoB(-)	rprX(2)
150_4M	bfragilis	-	dnaJ(4)	fusA(4)	groL(1)	prfA(2)	recA(2)	rpoB(~1)	rprX(2)
150_B	bfragilis	-	dnaJ(4)	fusA(4)	groL(1)	prfA(2)	recA(2)	rpoB(~1)	rprX(2)
150_M	bfragilis	-	dnaJ(4)	fusA(-)	groL(1)	prfA(2)	recA(2)	rpoB(-)	rprX(2)
172_12M	bfragilis	-	dnaJ(10)	fusA(-)	groL(5)	prfA(3)	recA(3)	rpoB(-)	rprX(2)
180_12M	bfragilis	-	dnaJ(-)	fusA(6)	groL(4)	prfA(2)	recA(5)	rpoB(1)	rprX(4)
180_4M	bfragilis	2	dnaJ(1)	fusA(6)	groL(4)	prfA(2)	recA(5)	rpoB(1)	rprX(4)
18_B	bfragilis	-	dnaJ(1)	fusA(3)	groL(1)	prfA(39)	recA(2)	rpoB(1)	rprX(2)
1_B	bfragilis	-	dnaJ(~27)	fusA(3)	groL(5)	prfA(2)	recA(3)	rpoB(14)	rprX(2)
201_B	bfragilis	21	dnaJ(4)	fusA(3)	groL(1)	prfA(2)	recA(3)	rpoB(1)	rprX(2)
20200206	bfragilis	155	dnaJ(35)	fusA(3)	groL(5)	prfA(40)	recA(20)	rpoB(1)	rprX(2)
203_12M	bfragilis	-	dnaJ(10)	fusA(3)	groL(5)	prfA(2)	recA(2)	rpoB(-)	rprX(4)
20793_3	bfragilis	103	dnaJ(4)	fusA(16)	groL(5)	prfA(30)	recA(16)	rpoB(1)	rprX(19)
228_700015857	bfragilis	-	dnaJ(4)	fusA(-)	groL(1)	prfA(10)	recA(3)	rpoB(1)	rprX(2)
228_700015922	bfragilis	86	dnaJ(4)	fusA(36)	groL(1)	prfA(2)	recA(6)	rpoB(7)	rprX(2)
228_700023788	bfragilis	-	dnaJ(1)	fusA(-)	groL(1)	prfA(14)	recA(2)	rpoB(-)	rprX(1)
228_700023845	bfragilis	-	dnaJ(4)	fusA(-)	groL(1)	prfA(2)	recA(2)	rpoB(1)	rprX(2)
228_700024233	bfragilis	-	dnaJ(1)	fusA(-)	groL(1)	prfA(3)	recA(6)	rpoB(-)	rprX(4)
228_700037284	bfragilis	-	dnaJ(28)	fusA(-)	groL(1)	prfA(3)	recA(2)	rpoB(-)	rprX(1)
228_700038263	bfragilis	53	dnaJ(19)	fusA(3)	groL(1)	prfA(2)	recA(6)	rpoB(4)	rprX(2)
228_700099512	bfragilis	-	dnaJ(4)	fusA(1)	groL(1)	prfA(~56)	recA(3)	rpoB(-)	rprX(2)
228_700100432	bfragilis	-	dnaJ(4)	fusA(-)	groL(-)	prfA(10)	recA(3)	rpoB(1)	rprX(2)
228_700103710	bfragilis	17	dnaJ(4)	fusA(4)	groL(1)	prfA(2)	recA(2)	rpoB(1)	rprX(2)
228_700105210	bfragilis	-	dnaJ(4)	fusA(-)	groL(1)	prfA(39)	recA(3)	rpoB(-)	rprX(2)
228_700107375	bfragilis	-	dnaJ(4)	fusA(3)	groL(5)	prfA(~47)	recA(7)	rpoB(1)	rprX(2)
228_700111439	bfragilis	20	dnaJ(4)	fusA(9)	groL(1)	prfA(2)	recA(6)	rpoB(7)	rprX(2)
228_700112812	bfragilis	73	dnaJ(4)	fusA(3)	groL(1)	prfA(39)	recA(3)	rpoB(1)	rprX(2)
228_700114653	bfragilis	-	dnaJ(1)	fusA(-)	groL(-)	prfA(14)	recA(2)	rpoB(1)	rprX(1)
228_700172461	bfragilis	-	dnaJ(1)	fusA(1)	groL(1)	prfA(14)	recA(-)	rpoB(1)	rprX(1)
229_B	bfragilis	148	dnaJ(27)	fusA(3)	groL(5)	prfA(40)	recA(20)	rpoB(1)	rprX(2)
238_12M	bfragilis	-	dnaJ(4)	fusA(16)	groL(1)	prfA(17)	recA(3)	rpoB(1)	rprX(~2)
238_B	bfragilis	-	dnaJ(4)	fusA(16)	groL(1)	prfA(17)	recA(3)	rpoB(1)	rprX(~2)
272_4M	bfragilis	-	dnaJ(1)	fusA(-)	groL(1)	prfA(2)	recA(2)	rpoB(-)	rprX(~45)
274_4M	bfragilis	16	dnaJ(4)	fusA(14)	groL(1)	prfA(13)	recA(2)	rpoB(5)	rprX(2)
275_B	bfragilis	-	dnaJ(4)	fusA(11)	groL(21)	prfA(2)	recA(-)	rpoB(1)	rprX(15?)
275_M	bfragilis	-	dnaJ(4)	fusA(-)	groL(21)	prfA(2)	recA(3)	rpoB(-)	rprX(15?)
282_12M	bfragilis	12	dnaJ(4)	fusA(10)	groL(1)	prfA(20)	recA(3)	rpoB(4)	rprX(2)
2_F_2_4	bfragilis	92	dnaJ(4)	fusA(3)	groL(1)	prfA(9)	recA(16)	rpoB(1)	rprX(2)
2_F_2_7	bfragilis	92	dnaJ(4)	fusA(3)	groL(1)	prfA(9)	recA(16)	rpoB(1)	rprX(2)
30011_ST_1y_1	bfragilis	90	dnaJ(4)	fusA(3)	groL(1)	prfA(3)	recA(2)	rpoB(1)	rprX(24)
3101436	bfragilis	-	dnaJ(4)	fusA(-)	groL(1)	prfA(2)	recA(2)	rpoB(-)	rprX(1)
3101439	bfragilis	-	dnaJ(4)	fusA(-)	groL(1)	prfA(2)	recA(2)	rpoB(-)	rprX(1)
3103736	bfragilis	-	dnaJ(2)	fusA(-)	groL(1)	prfA(3)	recA(2)	rpoB(-)	rprX(1)
3107345	bfragilis	40	dnaJ(10)	fusA(3)	groL(5)	prfA(2)	recA(6)	rpoB(5)	rprX(4)
3108874	bfragilis	-	dnaJ(4)	fusA(3)	groL(1)	prfA(20)	recA(3)	rpoB(-)	rprX(2)
3112348	bfragilis	-	dnaJ(4)	fusA(-)	groL(1)	prfA(2)	recA(3)	rpoB(-)	rprX(2)
3112359	bfragilis	-	dnaJ(10)	fusA(-)	groL(5)	prfA(2)	recA(6)	rpoB(-)	rprX(4)
3113035	bfragilis	-	dnaJ(4)	fusA(-)	groL(30?)	prfA(2)	recA(3)	rpoB(-)	rprX(2)
3113831	bfragilis	-	dnaJ(10)	fusA(3)	groL(5)	prfA(2)	recA(6)	rpoB(-)	rprX(4)
3113834	bfragilis	-	dnaJ(10)	fusA(3)	groL(5)	prfA(2)	recA(6)	rpoB(-)	rprX(4)
321_BFRA	bfragilis	48	dnaJ(14)	fusA(13)	groL(1)	prfA(6)	recA(3)	rpoB(5)	rprX(2)
322_BFRA	bfragilis	48	dnaJ(14)	fusA(13)	groL(1)	prfA(6)	recA(3)	rpoB(5)	rprX(2)
338_4M	bfragilis	-	dnaJ(19)	fusA(-)	groL(1)	prfA(9)	recA(-)	rpoB(-)	rprX(2)
338_B	bfragilis	-	dnaJ(19)	fusA(1)	groL(1)	prfA(9)	recA(-)	rpoB(1)	rprX(2)
3397_N2	bfragilis	73	dnaJ(4)	fusA(3)	groL(1)	prfA(39)	recA(3)	rpoB(1)	rprX(2)
3397_N3	bfragilis	73	dnaJ(4)	fusA(3)	groL(1)	prfA(39)	recA(3)	rpoB(1)	rprX(2)
3397_T14	bfragilis	73	dnaJ(4)	fusA(3)	groL(1)	prfA(39)	recA(3)	rpoB(1)	rprX(2)
341_12M	bfragilis	-	dnaJ(4)	fusA(-)	groL(1)	prfA(~21)	recA(~2)	rpoB(-)	rprX(2)
34_F_2_13	bfragilis	92	dnaJ(4)	fusA(3)	groL(1)	prfA(9)	recA(16)	rpoB(1)	rprX(2)
350_B	bfragilis	-	dnaJ(4)	fusA(9)	groL(1)	prfA(53)	recA(6)	rpoB(7)	rprX(-)
367_B	bfragilis	84	dnaJ(4)	fusA(3)	groL(1)	prfA(3)	recA(2)	rpoB(5)	rprX(4)
3719_A10	bfragilis	1	dnaJ(1)	fusA(1)	groL(1)	prfA(14)	recA(2)	rpoB(1)	rprX(1)
3719_T6	bfragilis	99	dnaJ(4)	fusA(3)	groL(1)	prfA(48)	recA(3)	rpoB(1)	rprX(4)
3725_D9_v_	bfragilis	38	dnaJ(10)	fusA(3)	groL(1)	prfA(2)	recA(6)	rpoB(4)	rprX(2)
3774_T13	bfragilis	86	dnaJ(4)	fusA(36)	groL(1)	prfA(2)	recA(6)	rpoB(7)	rprX(2)
3783N1_2	bfragilis	19	dnaJ(4)	fusA(3)	groL(1)	prfA(17)	recA(3)	rpoB(4)	rprX(2)
3783N1_6	bfragilis	19	dnaJ(4)	fusA(3)	groL(1)	prfA(17)	recA(3)	rpoB(4)	rprX(2)
3783N2_1	bfragilis	19	dnaJ(4)	fusA(3)	groL(1)	prfA(17)	recA(3)	rpoB(4)	rprX(2)
3976T7	bfragilis	19	dnaJ(4)	fusA(3)	groL(1)	prfA(17)	recA(3)	rpoB(4)	rprX(2)
3976T8	bfragilis	104	dnaJ(4)	fusA(45)	groL(5)	prfA(49)	recA(33)	rpoB(1)	rprX(34)
3986_N3	bfragilis	11	dnaJ(4)	fusA(9)	groL(1)	prfA(2)	recA(3)	rpoB(11)	rprX(2)
3986_N_B_22	bfragilis	11	dnaJ(4)	fusA(9)	groL(1)	prfA(2)	recA(3)	rpoB(11)	rprX(2)
3986T_B_10	bfragilis	11	dnaJ(4)	fusA(9)	groL(1)	prfA(2)	recA(3)	rpoB(11)	rprX(2)
3986_T_B_13	bfragilis	11	dnaJ(4)	fusA(9)	groL(1)	prfA(2)	recA(3)	rpoB(11)	rprX(2)
3988_T1	bfragilis	74	dnaJ(4)	fusA(3)	groL(5)	prfA(2)	recA(3)	rpoB(14)	rprX(2)
3988T_B_14	bfragilis	74	dnaJ(4)	fusA(3)	groL(5)	prfA(2)	recA(3)	rpoB(14)	rprX(2)
3996_N_B_6	bfragilis	48	dnaJ(14)	fusA(13)	groL(1)	prfA(6)	recA(3)	rpoB(5)	rprX(2)
3998_T_B_4	bfragilis	48	dnaJ(14)	fusA(13)	groL(1)	prfA(6)	recA(3)	rpoB(5)	rprX(2)
3_D6	bfragilis	149	dnaJ(28)	fusA(3)	groL(1)	prfA(3)	recA(2)	rpoB(5)	rprX(1)
3_E4	bfragilis	149	dnaJ(28)	fusA(3)	groL(1)	prfA(3)	recA(2)	rpoB(5)	rprX(1)
3_E7	bfragilis	149	dnaJ(28)	fusA(3)	groL(1)	prfA(3)	recA(2)	rpoB(5)	rprX(1)
3_F_2_6	bfragilis	102	dnaJ(4)	fusA(3)	groL(1)	prfA(20)	recA(3)	rpoB(4)	rprX(2)
3_F2	bfragilis	149	dnaJ(28)	fusA(3)	groL(1)	prfA(3)	recA(2)	rpoB(5)	rprX(1)
4_B7	bfragilis	21	dnaJ(4)	fusA(3)	groL(1)	prfA(2)	recA(3)	rpoB(1)	rprX(2)
4_C4	bfragilis	-	dnaJ(4)	fusA(3)	groL(1)	prfA(2)	recA(3)	rpoB(-)	rprX(2)
4_C8	bfragilis	21	dnaJ(4)	fusA(3)	groL(1)	prfA(2)	recA(3)	rpoB(1)	rprX(2)
4_D4	bfragilis	21	dnaJ(4)	fusA(3)	groL(1)	prfA(2)	recA(3)	rpoB(1)	rprX(2)
4_E4	bfragilis	-	dnaJ(4)	fusA(3)	groL(-)	prfA(2)	recA(3)	rpoB(1)	rprX(2)
4_E8	bfragilis	21	dnaJ(4)	fusA(3)	groL(1)	prfA(2)	recA(3)	rpoB(1)	rprX(2)
4_F6	bfragilis	-	dnaJ(4)	fusA(3)	groL(1)	prfA(2)	recA(-)	rpoB(1)	rprX(2)
4_F7	bfragilis	21	dnaJ(4)	fusA(3)	groL(1)	prfA(2)	recA(3)	rpoB(1)	rprX(2)
4_G6	bfragilis	21	dnaJ(4)	fusA(3)	groL(1)	prfA(2)	recA(3)	rpoB(1)	rprX(2)
503_12M	bfragilis	17	dnaJ(4)	fusA(4)	groL(1)	prfA(2)	recA(2)	rpoB(1)	rprX(2)
503_4M	bfragilis	17	dnaJ(4)	fusA(4)	groL(1)	prfA(2)	recA(2)	rpoB(1)	rprX(2)
511_4M	bfragilis	149	dnaJ(28)	fusA(3)	groL(1)	prfA(3)	recA(2)	rpoB(5)	rprX(1)
521_12M	bfragilis	67	dnaJ(4)	fusA(3)	groL(1)	prfA(21)	recA(2)	rpoB(1)	rprX(2)
521_4M	bfragilis	67	dnaJ(4)	fusA(3)	groL(1)	prfA(21)	recA(2)	rpoB(1)	rprX(2)
526_4M	bfragilis	-	dnaJ(4)	fusA(3)	groL(1)	prfA(10)	recA(3)	rpoB(~1)	rprX(2)
531403	bfragilis	-	dnaJ(4)	fusA(34)	groL(1)	prfA(39)	recA(39)	rpoB(1)	rprX(2)
53_4M	bfragilis	-	dnaJ(4)	fusA(-)	groL(1)	prfA(21)	recA(2)	rpoB(-)	rprX(2)
5362_xgk	bfragilis	-	dnaJ(4)	fusA(-)	groL(1)	prfA(53)	recA(6)	rpoB(-)	rprX(2)
5443_cul	bfragilis	-	dnaJ(73?)	fusA(-)	groL(1)	prfA(2)	recA(3)	rpoB(-)	rprX(2)
546_12M	bfragilis	-	dnaJ(4)	fusA(-)	groL(1)	prfA(2)	recA(2)	rpoB(-)	rprX(1)
546_4M	bfragilis	10	dnaJ(4)	fusA(1)	groL(1)	prfA(2)	recA(2)	rpoB(1)	rprX(1)
5490_ggo	bfragilis	-	dnaJ(4)	fusA(5)	groL(1)	prfA(20)	recA(3)	rpoB(4)	rprX(2)
565_4M	bfragilis	-	dnaJ(4)	fusA(-)	groL(1)	prfA(20)	recA(3)	rpoB(-)	rprX(2)
567_12M	bfragilis	-	dnaJ(10)	fusA(-)	groL(5)	prfA(2)	recA(6)	rpoB(-)	rprX(4)
567_4M	bfragilis	40	dnaJ(10)	fusA(3)	groL(5)	prfA(2)	recA(6)	rpoB(5)	rprX(4)
570_4M	bfragilis	-	dnaJ(4)	fusA(-)	groL(1)	prfA(2)	recA(2)	rpoB(-)	rprX(4)
582_12M	bfragilis	11	dnaJ(4)	fusA(9)	groL(1)	prfA(2)	recA(3)	rpoB(11)	rprX(2)
587_12M	bfragilis	-	dnaJ(4)	fusA(-)	groL(4)	prfA(29)	recA(6)	rpoB(-)	rprX(2)
587_B	bfragilis	68	dnaJ(4)	fusA(43)	groL(4)	prfA(29)	recA(6)	rpoB(14)	rprX(2)
591_4M	bfragilis	11	dnaJ(4)	fusA(9)	groL(1)	prfA(2)	recA(3)	rpoB(11)	rprX(2)
615_12M	bfragilis	-	dnaJ(4)	fusA(-)	groL(4)	prfA(29)	recA(6)	rpoB(-)	rprX(2)
615_4M	bfragilis	68	dnaJ(4)	fusA(43)	groL(4)	prfA(29)	recA(6)	rpoB(14)	rprX(2)
626_4M	bfragilis	-	dnaJ(14)	fusA(1)	groL(1)	prfA(3)	recA(8)	rpoB(1)	rprX(2)
635_B	bfragilis	-	dnaJ(4)	fusA(~47)	groL(1)	prfA(~21)	recA(~2)	rpoB(4)	rprX(2)
640_12M	bfragilis	-	dnaJ(4)	fusA(-)	groL(1)	prfA(~21)	recA(~2)	rpoB(-)	rprX(2)
64813	bfragilis	41	dnaJ(10)	fusA(3)	groL(1)	prfA(3)	recA(8)	rpoB(16)	rprX(1)
64817	bfragilis	145	dnaJ(21)	fusA(3)	groL(5)	prfA(6)	recA(13)	rpoB(1)	rprX(4)
64819	bfragilis	67	dnaJ(4)	fusA(3)	groL(1)	prfA(21)	recA(2)	rpoB(1)	rprX(2)
713A002_11_0_0	bfragilis	84	dnaJ(4)	fusA(3)	groL(1)	prfA(3)	recA(2)	rpoB(5)	rprX(4)
78_4M	bfragilis	-	dnaJ(4)	fusA(3)	groL(1)	prfA(2)	recA(3)	rpoB(1)	rprX(-)
7_M	bfragilis	107	dnaJ(4)	fusA(11)	groL(1)	prfA(52)	recA(3)	rpoB(8)	rprX(1)
86_5443_2_2	bfragilis	71	dnaJ(4)	fusA(3)	groL(1)	prfA(3)	recA(2)	rpoB(1)	rprX(35)
885_BFRA	bfragilis	54	dnaJ(1)	fusA(24)	groL(1)	prfA(2)	recA(19)	rpoB(1)	rprX(2)
894_BFRA	bfragilis	54	dnaJ(1)	fusA(24)	groL(1)	prfA(2)	recA(19)	rpoB(1)	rprX(2)
A39_02_1FE	bfragilis	40	dnaJ(10)	fusA(3)	groL(5)	prfA(2)	recA(6)	rpoB(5)	rprX(4)
A7_UDC12_2_	bfragilis	-	dnaJ(14)	fusA(3)	groL(1,1)	prfA(2)	recA(2)	rpoB(1)	rprX(2)
AD126T_1B	bfragilis	78	dnaJ(4)	fusA(9)	groL(1)	prfA(53)	recA(6)	rpoB(7)	rprX(2)
AD126T_2B	bfragilis	78	dnaJ(4)	fusA(9)	groL(1)	prfA(53)	recA(6)	rpoB(7)	rprX(2)
AD135F_1B	bfragilis	82	dnaJ(4)	fusA(3)	groL(1)	prfA(6)	recA(6)	rpoB(5)	rprX(2)
AD135F_2B	bfragilis	82	dnaJ(4)	fusA(3)	groL(1)	prfA(6)	recA(6)	rpoB(5)	rprX(2)
AD135F_3B	bfragilis	82	dnaJ(4)	fusA(3)	groL(1)	prfA(6)	recA(6)	rpoB(5)	rprX(2)
AF15_10LB	bfragilis	4	dnaJ(1)	fusA(3)	groL(1)	prfA(3)	recA(8)	rpoB(5)	rprX(12)
AF26_6	bfragilis	4	dnaJ(1)	fusA(3)	groL(1)	prfA(3)	recA(8)	rpoB(5)	rprX(12)
AF27_10	bfragilis	18	dnaJ(4)	fusA(3)	groL(1)	prfA(3)	recA(2)	rpoB(1)	rprX(1)
AF32_10	bfragilis	146	dnaJ(21)	fusA(3)	groL(1)	prfA(3)	recA(8)	rpoB(1)	rprX(2)
AF33_30	bfragilis	-	dnaJ(32?)	fusA(3)	groL(1)	prfA(6)	recA(2)	rpoB(11?)	rprX(2)
AF46_2GN	bfragilis	-	dnaJ(32?)	fusA(3)	groL(1)	prfA(10)	recA(3)	rpoB(11?)	rprX(2)
alien_11_881_0	bfragilis	-	dnaJ(1)	fusA(-)	groL(1)	prfA(2)	recA(3)	rpoB(5)	rprX(2)
AM13_18	bfragilis	126	dnaJ(10)	fusA(49)	groL(5)	prfA(2)	recA(6)	rpoB(5)	rprX(4)
AM15_16	bfragilis	48	dnaJ(14)	fusA(13)	groL(1)	prfA(6)	recA(3)	rpoB(5)	rprX(2)
AM16_16A	bfragilis	48	dnaJ(14)	fusA(13)	groL(1)	prfA(6)	recA(3)	rpoB(5)	rprX(2)
AM26_13LB	bfragilis	111	dnaJ(4)	fusA(4)	groL(1)	prfA(2)	recA(2)	rpoB(1)	rprX(22)
AM31_13AC	bfragilis	110	dnaJ(4)	fusA(3)	groL(5)	prfA(33)	recA(7)	rpoB(1)	rprX(2)
AM40_4AC	bfragilis	4	dnaJ(1)	fusA(3)	groL(1)	prfA(3)	recA(8)	rpoB(5)	rprX(12)
AM47_7	bfragilis	-	dnaJ(1?)	fusA(6)	groL(4)	prfA(2)	recA(5)	rpoB(1)	rprX(4)
apr38S00	bfragilis	17	dnaJ(4)	fusA(4)	groL(1)	prfA(2)	recA(2)	rpoB(1)	rprX(2)
AS123raw	bfragilis	-	dnaJ(4)	fusA(-)	groL(1)	prfA(2)	recA(2)	rpoB(-)	rprX(2)
AS18raw	bfragilis	27	dnaJ(4)	fusA(3)	groL(1)	prfA(2)	recA(2)	rpoB(1)	rprX(2)
AS5raw	bfragilis	-	dnaJ(10)	fusA(-)	groL(5)	prfA(2)	recA(6)	rpoB(-)	rprX(4)
AS68	bfragilis	240	dnaJ(43)	fusA(3)	groL(1)	prfA(2)	recA(3)	rpoB(1)	rprX(2)
ATCC_25285	bfragilis	26	dnaJ(4)	fusA(3)	groL(5)	prfA(2)	recA(2)	rpoB(15)	rprX(13)
ATCC_43858	bfragilis	71	dnaJ(4)	fusA(3)	groL(1)	prfA(3)	recA(2)	rpoB(1)	rprX(35)
ATCC_43859	bfragilis	103	dnaJ(4)	fusA(16)	groL(5)	prfA(30)	recA(16)	rpoB(1)	rprX(19)
ATCC_43860	bfragilis	108	dnaJ(4)	fusA(47)	groL(1)	prfA(3)	recA(3)	rpoB(1)	rprX(1)
BFBE1	bfragilis	21	dnaJ(4)	fusA(3)	groL(1)	prfA(2)	recA(3)	rpoB(1)	rprX(2)
Bfra078320_1	bfragilis	22	dnaJ(4)	fusA(3)	groL(1)	prfA(3)	recA(2)	rpoB(1)	rprX(4)
Bfra1284	bfragilis	161	dnaJ(48)	fusA(12)	groL(5)	prfA(3)	recA(3)	rpoB(5)	rprX(2)
Bfra12905	bfragilis	73	dnaJ(4)	fusA(3)	groL(1)	prfA(39)	recA(3)	rpoB(1)	rprX(2)
BfraCM13	bfragilis	103	dnaJ(4)	fusA(16)	groL(5)	prfA(30)	recA(16)	rpoB(1)	rprX(19)
BfraUS326	bfragilis	149	dnaJ(28)	fusA(3)	groL(1)	prfA(3)	recA(2)	rpoB(5)	rprX(1)
BFR_KZ01	bfragilis	-	dnaJ(4)	fusA(3)	groL(1)	prfA(13)	recA(2?)	rpoB(5)	rprX(2)
BFR_KZ02	bfragilis	113	dnaJ(4)	fusA(3)	groL(1)	prfA(13)	recA(2)	rpoB(5)	rprX(2)
BFR_KZ03	bfragilis	113	dnaJ(4)	fusA(3)	groL(1)	prfA(13)	recA(2)	rpoB(5)	rprX(2)
BFR_KZ04	bfragilis	48	dnaJ(14)	fusA(13)	groL(1)	prfA(6)	recA(3)	rpoB(5)	rprX(2)
BFR_KZ05	bfragilis	5	dnaJ(1)	fusA(3)	groL(1)	prfA(3)	recA(2)	rpoB(1)	rprX(2)
BFR_KZ06	bfragilis	38	dnaJ(10)	fusA(3)	groL(1)	prfA(2)	recA(6)	rpoB(4)	rprX(2)
BFR_KZ07	bfragilis	162	dnaJ(49)	fusA(16)	groL(5)	prfA(2)	recA(3)	rpoB(12)	rprX(2)
BFR_KZ08	bfragilis	137	dnaJ(14)	fusA(13)	groL(1)	prfA(56)	recA(3)	rpoB(5)	rprX(2)
BFR_KZ09	bfragilis	1	dnaJ(1)	fusA(1)	groL(1)	prfA(14)	recA(2)	rpoB(1)	rprX(1)
BFR_KZ10	bfragilis	21	dnaJ(4)	fusA(3)	groL(1)	prfA(2)	recA(3)	rpoB(1)	rprX(2)
BFR_KZ11	bfragilis	48	dnaJ(14)	fusA(13)	groL(1)	prfA(6)	recA(3)	rpoB(5)	rprX(2)
BFR_KZ12	bfragilis	5	dnaJ(1)	fusA(3)	groL(1)	prfA(3)	recA(2)	rpoB(1)	rprX(2)
bgi_DLF009	bfragilis	5	dnaJ(1)	fusA(3)	groL(1)	prfA(3)	recA(2)	rpoB(1)	rprX(2)
bgi_N037A	bfragilis	-	dnaJ(4)	fusA(11)	groL(1)	prfA(52)	recA(3)	rpoB(8)	rprX(-)
bgi_NLM028	bfragilis	9	dnaJ(4)	fusA(3)	groL(1)	prfA(10)	recA(3)	rpoB(1)	rprX(2)
bgi_T2D_105A	bfragilis	-	dnaJ(4)	fusA(13)	groL(1)	prfA(52)	recA(~2)	rpoB(1)	rprX(2)
bgi_V1_UC_15	bfragilis	74	dnaJ(4)	fusA(3)	groL(5)	prfA(2)	recA(3)	rpoB(14)	rprX(2)
BIOML_A100	bfragilis	56	dnaJ(1)	fusA(3)	groL(1)	prfA(2)	recA(19)	rpoB(1)	rprX(2)
BIOML_A101	bfragilis	21	dnaJ(4)	fusA(3)	groL(1)	prfA(2)	recA(3)	rpoB(1)	rprX(2)
BIOML_A102	bfragilis	56	dnaJ(1)	fusA(3)	groL(1)	prfA(2)	recA(19)	rpoB(1)	rprX(2)
BIOML_A103	bfragilis	56	dnaJ(1)	fusA(3)	groL(1)	prfA(2)	recA(19)	rpoB(1)	rprX(2)
BIOML_A104	bfragilis	56	dnaJ(1)	fusA(3)	groL(1)	prfA(2)	recA(19)	rpoB(1)	rprX(2)
BIOML_A107	bfragilis	79	dnaJ(4)	fusA(16)	groL(1)	prfA(48)	recA(3)	rpoB(1)	rprX(19)
BIOML_A108	bfragilis	79	dnaJ(4)	fusA(16)	groL(1)	prfA(48)	recA(3)	rpoB(1)	rprX(19)
BIOML_A109	bfragilis	79	dnaJ(4)	fusA(16)	groL(1)	prfA(48)	recA(3)	rpoB(1)	rprX(19)
BIOML_A110	bfragilis	79	dnaJ(4)	fusA(16)	groL(1)	prfA(48)	recA(3)	rpoB(1)	rprX(19)
BIOML_A111	bfragilis	79	dnaJ(4)	fusA(16)	groL(1)	prfA(48)	recA(3)	rpoB(1)	rprX(19)
BIOML_A112	bfragilis	79	dnaJ(4)	fusA(16)	groL(1)	prfA(48)	recA(3)	rpoB(1)	rprX(19)
BIOML_A113	bfragilis	79	dnaJ(4)	fusA(16)	groL(1)	prfA(48)	recA(3)	rpoB(1)	rprX(19)
BIOML_A114	bfragilis	79	dnaJ(4)	fusA(16)	groL(1)	prfA(48)	recA(3)	rpoB(1)	rprX(19)
BIOML_A115	bfragilis	150	dnaJ(28)	fusA(3)	groL(5)	prfA(54)	recA(13)	rpoB(1)	rprX(4)
BIOML_A1	bfragilis	57	dnaJ(1)	fusA(24)	groL(1)	prfA(13)	recA(2)	rpoB(5)	rprX(24)
BIOML_A2	bfragilis	57	dnaJ(1)	fusA(24)	groL(1)	prfA(13)	recA(2)	rpoB(5)	rprX(24)
BIOML_A3	bfragilis	57	dnaJ(1)	fusA(24)	groL(1)	prfA(13)	recA(2)	rpoB(5)	rprX(24)
BIOML_A4	bfragilis	57	dnaJ(1)	fusA(24)	groL(1)	prfA(13)	recA(2)	rpoB(5)	rprX(24)
BIOML_A5	bfragilis	57	dnaJ(1)	fusA(24)	groL(1)	prfA(13)	recA(2)	rpoB(5)	rprX(24)
BIOML_A7	bfragilis	147	dnaJ(21)	fusA(1)	groL(5)	prfA(31)	recA(3)	rpoB(1)	rprX(23)
BIOML_A88	bfragilis	77	dnaJ(4)	fusA(11)	groL(4)	prfA(6)	recA(6)	rpoB(4)	rprX(2)
BIOML_A96	bfragilis	21	dnaJ(4)	fusA(3)	groL(1)	prfA(2)	recA(3)	rpoB(1)	rprX(2)
BIOML_A97	bfragilis	21	dnaJ(4)	fusA(3)	groL(1)	prfA(2)	recA(3)	rpoB(1)	rprX(2)
BIOML_A98	bfragilis	21	dnaJ(4)	fusA(3)	groL(1)	prfA(2)	recA(3)	rpoB(1)	rprX(2)
Brf_82A12	bfragilis	167	dnaJ(54)	fusA(44)	groL(5)	prfA(48)	recA(2)	rpoB(14)	rprX(32)
Brf_GUT04	bfragilis	27	dnaJ(4)	fusA(3)	groL(1)	prfA(2)	recA(2)	rpoB(1)	rprX(2)
Brf_MC1	bfragilis	102	dnaJ(4)	fusA(3)	groL(1)	prfA(20)	recA(3)	rpoB(4)	rprX(2)
BSD2780061687_150420_F6	bfragilis	87	dnaJ(4)	fusA(12)	groL(4)	prfA(6)	recA(2)	rpoB(1)	rprX(2)
BSD2780061689_150309_H4	bfragilis	117	dnaJ(4)	fusA(3)	groL(1)	prfA(2)	recA(6)	rpoB(4)	rprX(2)
CCIS41222843ST_4_0	bfragilis	-	dnaJ(4)	fusA(3)	groL(1)	prfA(31?)	recA(2)	rpoB(37)	rprX(2)
CCIS58234805ST_4_0	bfragilis	-	dnaJ(14)	fusA(-)	groL(1)	prfA(6)	recA(3)	rpoB(-)	rprX(2)
CCIS76845094ST_20_0	bfragilis	-	dnaJ(28)	fusA(-)	groL(1)	prfA(3)	recA(2)	rpoB(-)	rprX(1)
CCUG4856T	bfragilis	26	dnaJ(4)	fusA(3)	groL(5)	prfA(2)	recA(2)	rpoB(15)	rprX(13)
CF01_8	bfragilis	-	dnaJ(32?)	fusA(3)	groL(5)	prfA(2)	recA(3)	rpoB(25)	rprX(2)
CFPLTA004_1B	bfragilis	48	dnaJ(14)	fusA(13)	groL(1)	prfA(6)	recA(3)	rpoB(5)	rprX(2)
CL03T12C07	bfragilis	130	dnaJ(10)	fusA(3)	groL(1)	prfA(39)	recA(2)	rpoB(1)	rprX(2)
CL04T03C20	bfragilis	26	dnaJ(4)	fusA(3)	groL(5)	prfA(2)	recA(2)	rpoB(15)	rprX(13)
CMU103	bfragilis	74	dnaJ(4)	fusA(3)	groL(5)	prfA(2)	recA(3)	rpoB(14)	rprX(2)
CMU36	bfragilis	48	dnaJ(14)	fusA(13)	groL(1)	prfA(6)	recA(3)	rpoB(5)	rprX(2)
COR2_248_WT_1	bfragilis	115	dnaJ(4)	fusA(34)	groL(1)	prfA(55)	recA(3)	rpoB(5)	rprX(4)
D15_sc_1712178	bfragilis	74	dnaJ(4)	fusA(3)	groL(5)	prfA(2)	recA(3)	rpoB(14)	rprX(2)
D33t1_170424_C9	bfragilis	67	dnaJ(4)	fusA(3)	groL(1)	prfA(21)	recA(2)	rpoB(1)	rprX(2)
D54t1_190329_B1	bfragilis	85	dnaJ(4)	fusA(13)	groL(1)	prfA(6)	recA(3)	rpoB(1)	rprX(12)
DCMOUH0042B	bfragilis	20	dnaJ(4)	fusA(9)	groL(1)	prfA(2)	recA(6)	rpoB(7)	rprX(2)
DK1985	bfragilis	89	dnaJ(4)	fusA(3)	groL(1)	prfA(6)	recA(3)	rpoB(1)	rprX(4)
DS_166	bfragilis	149	dnaJ(28)	fusA(3)	groL(1)	prfA(3)	recA(2)	rpoB(5)	rprX(1)
DS_208	bfragilis	96	dnaJ(4)	fusA(44)	groL(21)	prfA(46)	recA(7)	rpoB(35)	rprX(2)
Ds_233	bfragilis	160	dnaJ(46)	fusA(3)	groL(1)	prfA(3)	recA(32)	rpoB(1)	rprX(2)
DS_71	bfragilis	69	dnaJ(4)	fusA(23)	groL(1)	prfA(2)	recA(3)	rpoB(5)	rprX(16)
ERR748050_bin_3	bfragilis	84	dnaJ(4)	fusA(3)	groL(1)	prfA(3)	recA(2)	rpoB(5)	rprX(4)
ETBF_BOB25	bfragilis	17	dnaJ(4)	fusA(4)	groL(1)	prfA(2)	recA(2)	rpoB(1)	rprX(2)
F20_136_BF_D7	bfragilis	93	dnaJ(4)	fusA(43)	groL(4)	prfA(29)	recA(2)	rpoB(14)	rprX(2)
FAT_015_22_42_0	bfragilis	-	dnaJ(4)	fusA(-)	groL(1)	prfA(2)	recA(2)	rpoB(-)	rprX(2)
FDAARGOS_1025	bfragilis	41	dnaJ(10)	fusA(3)	groL(1)	prfA(3)	recA(8)	rpoB(16)	rprX(1)
FDAARGOS_1225	bfragilis	26	dnaJ(4)	fusA(3)	groL(5)	prfA(2)	recA(2)	rpoB(15)	rprX(13)
G69155	bfragilis	-	dnaJ(4)	fusA(-)	groL(5)	prfA(2)	recA(2)	rpoB(-)	rprX(13)
G69174	bfragilis	-	dnaJ(4)	fusA(11)	groL(1)	prfA(52)	recA(3)	rpoB(8)	rprX(-)
G69180	bfragilis	-	dnaJ(4)	fusA(-)	groL(1)	prfA(39)	recA(3)	rpoB(-)	rprX(2)
G69185	bfragilis	26	dnaJ(4)	fusA(3)	groL(5)	prfA(2)	recA(2)	rpoB(15)	rprX(13)
G69227	bfragilis	58	dnaJ(1)	fusA(3)	groL(1)	prfA(2)	recA(2)	rpoB(1)	rprX(45)
G69233	bfragilis	-	dnaJ(4)	fusA(-)	groL(1)	prfA(2)	recA(2)	rpoB(1)	rprX(2)
G78526	bfragilis	53	dnaJ(19)	fusA(3)	groL(1)	prfA(2)	recA(6)	rpoB(4)	rprX(2)
G78527	bfragilis	-	dnaJ(4)	fusA(3)	groL(1)	prfA(2)	recA(2)	rpoB(4)	rprX(2)
G78557	bfragilis	-	dnaJ(14)	fusA(13)	groL(1)	prfA(6)	recA(~3)	rpoB(5)	rprX(2)
G78562	bfragilis	10	dnaJ(4)	fusA(1)	groL(1)	prfA(2)	recA(2)	rpoB(1)	rprX(1)
G78568	bfragilis	-	dnaJ(4)	fusA(11)	groL(1)	prfA(6)	recA(3)	rpoB(8)	rprX(~1)
G78583	bfragilis	21	dnaJ(4)	fusA(3)	groL(1)	prfA(2)	recA(3)	rpoB(1)	rprX(2)
G78592	bfragilis	114	dnaJ(4)	fusA(1)	groL(1)	prfA(39)	recA(8)	rpoB(1)	rprX(2)
G78605	bfragilis	-	dnaJ(4)	fusA(3)	groL(1)	prfA(2)	recA(3)	rpoB(1)	rprX(-)
G78619	bfragilis	-	dnaJ(4)	fusA(-)	groL(1)	prfA(3)	recA(3)	rpoB(-)	rprX(2)
G78646	bfragilis	-	dnaJ(4)	fusA(11)	groL(1)	prfA(6)	recA(3)	rpoB(8)	rprX(~1)
G78669	bfragilis	-	dnaJ(4)	fusA(-)	groL(5)	prfA(2)	recA(2)	rpoB(-)	rprX(13)
G78676	bfragilis	-	dnaJ(4)	fusA(11)	groL(-)	prfA(52)	recA(3)	rpoB(8)	rprX(1)
G78693	bfragilis	-	dnaJ(1)	fusA(-)	groL(1)	prfA(14)	recA(2)	rpoB(1)	rprX(1)
G78715	bfragilis	-	dnaJ(10)	fusA(-)	groL(5)	prfA(3)	recA(3)	rpoB(-)	rprX(2)
G78716	bfragilis	-	dnaJ(4)	fusA(9)	groL(29?)	prfA(2)	recA(3)	rpoB(11)	rprX(2)
G78739	bfragilis	16	dnaJ(4)	fusA(14)	groL(1)	prfA(13)	recA(2)	rpoB(5)	rprX(2)
G78794	bfragilis	-	dnaJ(4)	fusA(11)	groL(1)	prfA(6)	recA(3)	rpoB(8)	rprX(~1)
G78795	bfragilis	-	dnaJ(4)	fusA(11)	groL(1)	prfA(6)	recA(3)	rpoB(8)	rprX(-)
G78826	bfragilis	-	dnaJ(4)	fusA(-)	groL(1)	prfA(2)	recA(3)	rpoB(-)	rprX(2)
G78852	bfragilis	-	dnaJ(10)	fusA(-)	groL(1)	prfA(9)	recA(3)	rpoB(-)	rprX(2)
G78890	bfragilis	-	dnaJ(4)	fusA(-)	groL(1)	prfA(3)	recA(~2)	rpoB(-)	rprX(2)
G78898	bfragilis	58	dnaJ(1)	fusA(3)	groL(1)	prfA(2)	recA(2)	rpoB(1)	rprX(45)
G78910	bfragilis	11	dnaJ(4)	fusA(9)	groL(1)	prfA(2)	recA(3)	rpoB(11)	rprX(2)
G78914	bfragilis	-	dnaJ(4)	fusA(45?)	groL(1)	prfA(2)	recA(3)	rpoB(1)	rprX(2)
G80158	bfragilis	21	dnaJ(4)	fusA(3)	groL(1)	prfA(2)	recA(3)	rpoB(1)	rprX(2)
G80282	bfragilis	-	dnaJ(4)	fusA(-)	groL(1)	prfA(2)	recA(2)	rpoB(-)	rprX(2)
G80290	bfragilis	17	dnaJ(4)	fusA(4)	groL(1)	prfA(2)	recA(2)	rpoB(1)	rprX(2)
G80297	bfragilis	26	dnaJ(4)	fusA(3)	groL(5)	prfA(2)	recA(2)	rpoB(15)	rprX(13)
G80313	bfragilis	-	dnaJ(4)	fusA(-)	groL(1)	prfA(2)	recA(2)	rpoB(-)	rprX(2)
G80351	bfragilis	-	dnaJ(10)	fusA(-)	groL(1)	prfA(9)	recA(3)	rpoB(-)	rprX(2)
G80376	bfragilis	17	dnaJ(4)	fusA(4)	groL(1)	prfA(2)	recA(2)	rpoB(1)	rprX(2)
G80388	bfragilis	-	dnaJ(4)	fusA(-)	groL(1)	prfA(3)	recA(~2)	rpoB(-)	rprX(2)
G80389	bfragilis	-	dnaJ(4)	fusA(-)	groL(1)	prfA(52)	recA(3)	rpoB(-)	rprX(1)
G80399	bfragilis	10	dnaJ(4)	fusA(1)	groL(1)	prfA(2)	recA(2)	rpoB(1)	rprX(1)
G80406	bfragilis	53	dnaJ(19)	fusA(3)	groL(1)	prfA(2)	recA(6)	rpoB(4)	rprX(2)
G80458	bfragilis	-	dnaJ(4)	fusA(3)	groL(1)	prfA(~6)	recA(8)	rpoB(16)	rprX(1)
G80469	bfragilis	11	dnaJ(4)	fusA(9)	groL(1)	prfA(2)	recA(3)	rpoB(11)	rprX(2)
G80492	bfragilis	-	dnaJ(1)	fusA(3)	groL(1)	prfA(3)	recA(19)	rpoB(1)	rprX(4)
G80499	bfragilis	98	dnaJ(4)	fusA(3)	groL(1)	prfA(3)	recA(3)	rpoB(4)	rprX(2)
G80507	bfragilis	82	dnaJ(4)	fusA(3)	groL(1)	prfA(6)	recA(6)	rpoB(5)	rprX(2)
G80518	bfragilis	-	dnaJ(28?)	fusA(4)	groL(1)	prfA(2)	recA(2)	rpoB(1)	rprX(2)
G80528	bfragilis	-	dnaJ(4)	fusA(3)	groL(1)	prfA(3)	recA(~2)	rpoB(1)	rprX(2)
G80532	bfragilis	93	dnaJ(4)	fusA(43)	groL(4)	prfA(29)	recA(2)	rpoB(14)	rprX(2)
G80533	bfragilis	10	dnaJ(4)	fusA(1)	groL(1)	prfA(2)	recA(2)	rpoB(1)	rprX(1)
G80556	bfragilis	-	dnaJ(4)	fusA(43)	groL(4)	prfA(29)	recA(2)	rpoB(-)	rprX(2)
G80584	bfragilis	58	dnaJ(1)	fusA(3)	groL(1)	prfA(2)	recA(2)	rpoB(1)	rprX(45)
G80590	bfragilis	-	dnaJ(4)	fusA(3)	groL(1)	prfA(3)	recA(~2)	rpoB(1)	rprX(2)
G80592	bfragilis	67	dnaJ(4)	fusA(3)	groL(1)	prfA(21)	recA(2)	rpoB(1)	rprX(2)
G80601	bfragilis	9	dnaJ(4)	fusA(3)	groL(1)	prfA(10)	recA(3)	rpoB(1)	rprX(2)
G80602	bfragilis	-	dnaJ(4)	fusA(-)	groL(1)	prfA(3)	recA(~2)	rpoB(-)	rprX(2)
G80611	bfragilis	-	dnaJ(4)	fusA(1)	groL(5)	prfA(31)	recA(3)	rpoB(1)	rprX(2)
G88708	bfragilis	110	dnaJ(4)	fusA(3)	groL(5)	prfA(33)	recA(7)	rpoB(1)	rprX(2)
GB_124	bfragilis	129	dnaJ(10)	fusA(34)	groL(1)	prfA(59)	recA(2)	rpoB(1)	rprX(4)
GCA_000210835	bfragilis	16	dnaJ(4)	fusA(14)	groL(1)	prfA(13)	recA(2)	rpoB(5)	rprX(2)
GCA_000434095	bfragilis	-	dnaJ(4)	fusA(-)	groL(5)	prfA(2)	recA(3)	rpoB(14)	rprX(2)
GUT_GENOME000511	bfragilis	-	dnaJ(4)	fusA(9)	groL(5)	prfA(53)	recA(2)	rpoB(7)	rprX(2)
GUT_GENOME096063	bfragilis	11	dnaJ(4)	fusA(9)	groL(1)	prfA(2)	recA(3)	rpoB(11)	rprX(2)
GUT_GENOME097366	bfragilis	78	dnaJ(4)	fusA(9)	groL(1)	prfA(53)	recA(6)	rpoB(7)	rprX(2)
GUT_GENOME104444	bfragilis	-	dnaJ(~4)	fusA(3)	groL(1)	prfA(6)	recA(6)	rpoB(5)	rprX(2)
GUT_GENOME104581	bfragilis	-	dnaJ(4)	fusA(-)	groL(1)	prfA(~56)	recA(8)	rpoB(8)	rprX(2)
GUT_GENOME104644	bfragilis	-	dnaJ(~21)	fusA(3)	groL(1)	prfA(2)	recA(2)	rpoB(1)	rprX(2)
GUT_GENOME129825	bfragilis	-	dnaJ(4)	fusA(9)	groL(1)	prfA(53)	recA(6)	rpoB(7)	rprX(~2)
GUT_GENOME147955	bfragilis	107	dnaJ(4)	fusA(11)	groL(1)	prfA(52)	recA(3)	rpoB(8)	rprX(1)
GUT_GENOME203870	bfragilis	-	dnaJ(4)	fusA(3)	groL(4)	prfA(9)	recA(-)	rpoB(1)	rprX(~2)
GUT_GENOME261739	bfragilis	-	dnaJ(4)	fusA(-)	groL(1)	prfA(6)	recA(3)	rpoB(-)	rprX(~1)
GUT_GENOME261916	bfragilis	9	dnaJ(4)	fusA(3)	groL(1)	prfA(10)	recA(3)	rpoB(1)	rprX(2)
GUT_GENOME262003	bfragilis	-	dnaJ(4)	fusA(-)	groL(1)	prfA(2)	recA(3)	rpoB(-)	rprX(16)
GUT_GENOME263074	bfragilis	69	dnaJ(4)	fusA(23)	groL(1)	prfA(2)	recA(3)	rpoB(5)	rprX(16)
H1M213648	bfragilis	12	dnaJ(4)	fusA(10)	groL(1)	prfA(20)	recA(3)	rpoB(4)	rprX(2)
H2M514906	bfragilis	-	dnaJ(1)	fusA(-)	groL(1)	prfA(14)	recA(-)	rpoB(-)	rprX(1)
H3M515950	bfragilis	18	dnaJ(4)	fusA(3)	groL(1)	prfA(3)	recA(2)	rpoB(1)	rprX(1)
HAP130N_1B	bfragilis	83	dnaJ(4)	fusA(34)	groL(1)	prfA(2)	recA(3)	rpoB(5)	rprX(2)
HAP130N_2B	bfragilis	83	dnaJ(4)	fusA(34)	groL(1)	prfA(2)	recA(3)	rpoB(5)	rprX(2)
HAP130N_3B	bfragilis	83	dnaJ(4)	fusA(34)	groL(1)	prfA(2)	recA(3)	rpoB(5)	rprX(2)
hC11	bfragilis	-	dnaJ(4)	fusA(9)	groL(1)	prfA(2)	recA(3)	rpoB(-)	rprX(2)
HCK	bfragilis	148	dnaJ(27)	fusA(3)	groL(5)	prfA(40)	recA(20)	rpoB(1)	rprX(2)
I1345	bfragilis	17	dnaJ(4)	fusA(4)	groL(1)	prfA(2)	recA(2)	rpoB(1)	rprX(2)
ISCST1982	bfragilis	153	dnaJ(32)	fusA(4)	groL(1)	prfA(2)	recA(2)	rpoB(1)	rprX(2)
J1101004_170508_F3	bfragilis	64	dnaJ(1)	fusA(3)	groL(1)	prfA(2)	recA(3)	rpoB(5)	rprX(2)
J_143_4	bfragilis	97	dnaJ(4)	fusA(27)	groL(1)	prfA(2)	recA(6)	rpoB(1)	rprX(2)
J38_1	bfragilis	60	dnaJ(1)	fusA(3)	groL(5)	prfA(2)	recA(19)	rpoB(1)	rprX(2)
JCM_11017	bfragilis	10	dnaJ(4)	fusA(1)	groL(1)	prfA(2)	recA(2)	rpoB(1)	rprX(1)
L3_105_245G1	bfragilis	1	dnaJ(1)	fusA(1)	groL(1)	prfA(14)	recA(2)	rpoB(1)	rprX(1)
LD_26_Run2	bfragilis	-	dnaJ(4)	fusA(-)	groL(1)	prfA(10)	recA(3)	rpoB(-)	rprX(2)
LD_33_Run2	bfragilis	7	dnaJ(2)	fusA(3)	groL(1)	prfA(3)	recA(2)	rpoB(1)	rprX(1)
LD_34_Run2	bfragilis	5	dnaJ(1)	fusA(3)	groL(1)	prfA(3)	recA(2)	rpoB(1)	rprX(2)
LD_35_Run3	bfragilis	-	dnaJ(1)	fusA(-)	groL(1)	prfA(3)	recA(2)	rpoB(-)	rprX(2)
LD_50_Run4	bfragilis	-	dnaJ(10)	fusA(3)	groL(1)	prfA(2)	recA(2)	rpoB(1)	rprX(2)
LD_93_Run3	bfragilis	135	dnaJ(4)	fusA(3)	groL(1)	prfA(6)	recA(2)	rpoB(1)	rprX(2)
LD_Run1_08	bfragilis	5	dnaJ(1)	fusA(3)	groL(1)	prfA(3)	recA(2)	rpoB(1)	rprX(2)
LD_Run1_11	bfragilis	-	dnaJ(4)	fusA(-)	groL(1)	prfA(2)	recA(3)	rpoB(1)	rprX(2)
M1_10_ST	bfragilis	-	dnaJ(4)	fusA(-)	groL(1)	prfA(2)	recA(2)	rpoB(-)	rprX(2)
mA9	bfragilis	-	dnaJ(~4)	fusA(3)	groL(1)	prfA(2)	recA(6)	rpoB(1)	rprX(2)
MCC108	bfragilis	47	dnaJ(14)	fusA(13)	groL(1)	prfA(3)	recA(3)	rpoB(5)	rprX(2)
MetaHIT_MH0068	bfragilis	-	dnaJ(1)	fusA(-)	groL(1)	prfA(~14)	recA(-)	rpoB(-)	rprX(1)
MetaHIT_MH0186	bfragilis	-	dnaJ(4)	fusA(-)	groL(1)	prfA(53)	recA(6)	rpoB(7)	rprX(2)
MetaHIT_MH0193	bfragilis	69	dnaJ(4)	fusA(23)	groL(1)	prfA(2)	recA(3)	rpoB(5)	rprX(16)
MetaHIT_MH0227	bfragilis	-	dnaJ(28)	fusA(-)	groL(1)	prfA(3)	recA(2)	rpoB(-)	rprX(1)
MetaHIT_MH0333	bfragilis	-	dnaJ(4)	fusA(-)	groL(1)	prfA(21)	recA(2)	rpoB(-)	rprX(2)
MetaHIT_MH0410	bfragilis	-	dnaJ(4)	fusA(-)	groL(1)	prfA(2)	recA(2)	rpoB(-)	rprX(2)
MH0186	bfragilis	78	dnaJ(4)	fusA(9)	groL(1)	prfA(53)	recA(6)	rpoB(7)	rprX(2)
MH0221	bfragilis	-	dnaJ(10)	fusA(-)	groL(1)	prfA(13)	recA(13)	rpoB(-)	rprX(2)
MM022_2	bfragilis	-	dnaJ(1)	fusA(3)	groL(1)	prfA(2)	recA(2)	rpoB(-)	rprX(45)
MM032_3	bfragilis	1	dnaJ(1)	fusA(1)	groL(1)	prfA(14)	recA(2)	rpoB(1)	rprX(1)
MM060_2	bfragilis	67	dnaJ(4)	fusA(3)	groL(1)	prfA(21)	recA(2)	rpoB(1)	rprX(2)
MM093	bfragilis	-	dnaJ(4)	fusA(-)	groL(5)	prfA(46)	recA(3)	rpoB(1)	rprX(~2)
MMRS62192467ST_27_0_0	bfragilis	7	dnaJ(2)	fusA(3)	groL(1)	prfA(3)	recA(2)	rpoB(1)	rprX(1)
MMRS64281211ST_27_0_0	bfragilis	-	dnaJ(1)	fusA(34)	groL(1)	prfA(9)	recA(3)	rpoB(1)	rprX(2)
MMRS68910755ST_27_0_0	bfragilis	137	dnaJ(14)	fusA(13)	groL(1)	prfA(56)	recA(3)	rpoB(5)	rprX(2)
MMRS72980899ST_27_0_0	bfragilis	-	dnaJ(4)	fusA(-)	groL(1)	prfA(9?)	recA(3)	rpoB(-)	rprX(1)
MMRS77321055ST_27_0_0	bfragilis	11	dnaJ(4)	fusA(9)	groL(1)	prfA(2)	recA(3)	rpoB(11)	rprX(2)
MMRS97327636ST_27_0_0	bfragilis	84	dnaJ(4)	fusA(3)	groL(1)	prfA(3)	recA(2)	rpoB(5)	rprX(4)
MSK_10_5	bfragilis	86	dnaJ(4)	fusA(36)	groL(1)	prfA(2)	recA(6)	rpoB(7)	rprX(2)
MSK_16_53	bfragilis	130	dnaJ(10)	fusA(3)	groL(1)	prfA(39)	recA(2)	rpoB(1)	rprX(2)
MSK_16_58	bfragilis	88	dnaJ(4)	fusA(3)	groL(1)	prfA(10)	recA(2)	rpoB(1)	rprX(1)
MSK_7_6	bfragilis	89	dnaJ(4)	fusA(3)	groL(1)	prfA(6)	recA(3)	rpoB(1)	rprX(4)
MSK_7_8	bfragilis	90	dnaJ(4)	fusA(3)	groL(1)	prfA(3)	recA(2)	rpoB(1)	rprX(24)
MSK_8_18	bfragilis	90	dnaJ(4)	fusA(3)	groL(1)	prfA(3)	recA(2)	rpoB(1)	rprX(24)
N016	bfragilis	-	dnaJ(4)	fusA(-)	groL(5)	prfA(~47)	recA(7)	rpoB(-)	rprX(~16)
N281	bfragilis	18	dnaJ(4)	fusA(3)	groL(1)	prfA(3)	recA(2)	rpoB(1)	rprX(1)
NCTC_9343_2	bfragilis	26	dnaJ(4)	fusA(3)	groL(5)	prfA(2)	recA(2)	rpoB(15)	rprX(13)
NCTC9343	bfragilis	26	dnaJ(4)	fusA(3)	groL(5)	prfA(2)	recA(2)	rpoB(15)	rprX(13)
NO05	bfragilis	11	dnaJ(4)	fusA(9)	groL(1)	prfA(2)	recA(3)	rpoB(11)	rprX(2)
NO19	bfragilis	-	dnaJ(4)	fusA(3)	groL(1)	prfA(3)	recA(-)	rpoB(4)	rprX(2)
NTBF_JIM10	bfragilis	107	dnaJ(4)	fusA(11)	groL(1)	prfA(52)	recA(3)	rpoB(8)	rprX(1)
O2_UC26_2	bfragilis	-	dnaJ(10)	fusA(-)	groL(1)	prfA(2)	recA(3)	rpoB(-)	rprX(2)
O2_UC34_2	bfragilis	-	dnaJ(4)	fusA(-)	groL(1)	prfA(53)	recA(6)	rpoB(7)	rprX(2)
OF05_11AC	bfragilis	75	dnaJ(4)	fusA(3)	groL(1)	prfA(31)	recA(2)	rpoB(37)	rprX(2)
OF05_13AC	bfragilis	75	dnaJ(4)	fusA(3)	groL(1)	prfA(31)	recA(2)	rpoB(37)	rprX(2)
OM02_11	bfragilis	74	dnaJ(4)	fusA(3)	groL(5)	prfA(2)	recA(3)	rpoB(14)	rprX(2)
OM02_9	bfragilis	74	dnaJ(4)	fusA(3)	groL(5)	prfA(2)	recA(3)	rpoB(14)	rprX(2)
OM06_1	bfragilis	149	dnaJ(28)	fusA(3)	groL(1)	prfA(3)	recA(2)	rpoB(5)	rprX(1)
OM06_30AC	bfragilis	149	dnaJ(28)	fusA(3)	groL(1)	prfA(3)	recA(2)	rpoB(5)	rprX(1)
P055V6	bfragilis	-	dnaJ(4)	fusA(9)	groL(~5)	prfA(53)	recA(2)	rpoB(7)	rprX(2)
P074V1	bfragilis	-	dnaJ(4)	fusA(-)	groL(1)	prfA(2)	recA(-)	rpoB(-)	rprX(2)
P21E90	bfragilis	-	dnaJ(4)	fusA(-)	groL(5)	prfA(30)	recA(16)	rpoB(-)	rprX(19)
P22E7	bfragilis	145	dnaJ(21)	fusA(3)	groL(5)	prfA(6)	recA(13)	rpoB(1)	rprX(4)
P25C7	bfragilis	-	dnaJ(1)	fusA(-)	groL(1)	prfA(14)	recA(-)	rpoB(-)	rprX(1)
P31	bfragilis	229	dnaJ(28)	fusA(3)	groL(1)	prfA(3)	recA(8)	rpoB(5)	rprX(1)
P796	bfragilis	116	dnaJ(4)	fusA(35)	groL(1)	prfA(38)	recA(3)	rpoB(8)	rprX(1)
P8C0	bfragilis	-	dnaJ(4)	fusA(-)	groL(1)	prfA(2)	recA(-)	rpoB(-)	rprX(2)
PNP_Main_174	bfragilis	11	dnaJ(4)	fusA(9)	groL(1)	prfA(2)	recA(3)	rpoB(11)	rprX(2)
PNP_Main_319	bfragilis	83	dnaJ(4)	fusA(34)	groL(1)	prfA(2)	recA(3)	rpoB(5)	rprX(2)
PNP_Validation_56	bfragilis	-	dnaJ(1)	fusA(1)	groL(1)	prfA(14)	recA(-)	rpoB(1)	rprX(1)
PNP_Validation_92	bfragilis	-	dnaJ(4)	fusA(-)	groL(1)	prfA(2)	recA(3)	rpoB(-)	rprX(2)
PP971	bfragilis	116	dnaJ(4)	fusA(35)	groL(1)	prfA(38)	recA(3)	rpoB(8)	rprX(1)
PR128	bfragilis	4	dnaJ(1)	fusA(3)	groL(1)	prfA(3)	recA(8)	rpoB(5)	rprX(12)
RA132	bfragilis	17	dnaJ(4)	fusA(4)	groL(1)	prfA(2)	recA(2)	rpoB(1)	rprX(2)
RCC1371	bfragilis	48	dnaJ(14)	fusA(13)	groL(1)	prfA(6)	recA(3)	rpoB(5)	rprX(2)
RCC4853	bfragilis	48	dnaJ(14)	fusA(13)	groL(1)	prfA(6)	recA(3)	rpoB(5)	rprX(2)
RCC4873	bfragilis	48	dnaJ(14)	fusA(13)	groL(1)	prfA(6)	recA(3)	rpoB(5)	rprX(2)
RCC4896	bfragilis	48	dnaJ(14)	fusA(13)	groL(1)	prfA(6)	recA(3)	rpoB(5)	rprX(2)
RSZAXPI001833_50	bfragilis	-	dnaJ(4)	fusA(3)	groL(~1)	prfA(13?)	recA(6)	rpoB(25?)	rprX(1)
RSZAXPI001849_99	bfragilis	-	dnaJ(4)	fusA(45?)	groL(-)	prfA(2)	recA(2)	rpoB(-)	rprX(1)
RSZAXPI001889_43	bfragilis	-	dnaJ(4)	fusA(-)	groL(1)	prfA(2)	recA(2)	rpoB(1)	rprX(2)
RSZAXPI002611_17	bfragilis	-	dnaJ(1)	fusA(1)	groL(1)	prfA(14)	recA(2)	rpoB(1)	rprX(-)
RSZAXPI003062_102	bfragilis	19	dnaJ(4)	fusA(3)	groL(1)	prfA(17)	recA(3)	rpoB(4)	rprX(2)
RSZAXPI003078_111	bfragilis	-	dnaJ(10)	fusA(3)	groL(5)	prfA(2)	recA(2)	rpoB(15)	rprX(4)
RSZAXPI003098_132	bfragilis	-	dnaJ(10)	fusA(3)	groL(5)	prfA(2)	recA(2)	rpoB(15)	rprX(4)
S14	bfragilis	6	dnaJ(1)	fusA(3)	groL(1)	prfA(2)	recA(8)	rpoB(5)	rprX(1)
S23L17	bfragilis	61	dnaJ(1)	fusA(3)	groL(1)	prfA(47)	recA(2)	rpoB(1)	rprX(2)
S23L24	bfragilis	61	dnaJ(1)	fusA(3)	groL(1)	prfA(47)	recA(2)	rpoB(1)	rprX(2)
S23_R14	bfragilis	61	dnaJ(1)	fusA(3)	groL(1)	prfA(47)	recA(2)	rpoB(1)	rprX(2)
S24L15	bfragilis	100	dnaJ(4)	fusA(3)	groL(1)	prfA(2)	recA(2)	rpoB(1)	rprX(1)
S24L26	bfragilis	100	dnaJ(4)	fusA(3)	groL(1)	prfA(2)	recA(2)	rpoB(1)	rprX(1)
S24L34	bfragilis	100	dnaJ(4)	fusA(3)	groL(1)	prfA(2)	recA(2)	rpoB(1)	rprX(1)
S36L11	bfragilis	149	dnaJ(28)	fusA(3)	groL(1)	prfA(3)	recA(2)	rpoB(5)	rprX(1)
S36L5	bfragilis	149	dnaJ(28)	fusA(3)	groL(1)	prfA(3)	recA(2)	rpoB(5)	rprX(1)
S38L3	bfragilis	-	dnaJ(3)	fusA(6)	groL(1,1)	prfA(2)	recA(9)	rpoB(1)	rprX(2)
S38L5	bfragilis	8	dnaJ(3)	fusA(6)	groL(1)	prfA(2)	recA(9)	rpoB(1)	rprX(2)
S62_a_WGS	bfragilis	-	dnaJ(4)	fusA(-)	groL(1)	prfA(~21)	recA(~2)	rpoB(4)	rprX(2)
S6L3	bfragilis	149	dnaJ(28)	fusA(3)	groL(1)	prfA(3)	recA(2)	rpoB(5)	rprX(1)
S6L8	bfragilis	-	dnaJ(28)	fusA(3)	groL(1,1)	prfA(3)	recA(2)	rpoB(5)	rprX(1)
S6R5	bfragilis	-	dnaJ(28)	fusA(3)	groL(1,1)	prfA(3)	recA(2)	rpoB(5)	rprX(1)
S6R6	bfragilis	149	dnaJ(28)	fusA(3)	groL(1)	prfA(3)	recA(2)	rpoB(5)	rprX(1)
S6R8	bfragilis	149	dnaJ(28)	fusA(3)	groL(1)	prfA(3)	recA(2)	rpoB(5)	rprX(1)
Sample_008	bfragilis	9	dnaJ(4)	fusA(3)	groL(1)	prfA(10)	recA(3)	rpoB(1)	rprX(2)
Sample_070	bfragilis	73	dnaJ(4)	fusA(3)	groL(1)	prfA(39)	recA(3)	rpoB(1)	rprX(2)
Sample_082	bfragilis	229	dnaJ(28)	fusA(3)	groL(1)	prfA(3)	recA(8)	rpoB(5)	rprX(1)
Sample_084	bfragilis	-	dnaJ(4)	fusA(3)	groL(-)	prfA(39)	recA(3)	rpoB(1)	rprX(-)
sample_6	bfragilis	-	dnaJ(14)	fusA(13)	groL(1)	prfA(6)	recA(~3)	rpoB(-)	rprX(2)
SKBSTL007	bfragilis	-	dnaJ(4)	fusA(-)	groL(1)	prfA(2)	recA(-)	rpoB(-)	rprX(2)
SKBSTL009	bfragilis	4	dnaJ(1)	fusA(3)	groL(1)	prfA(3)	recA(8)	rpoB(5)	rprX(12)
SKBSTL059	bfragilis	10	dnaJ(4)	fusA(1)	groL(1)	prfA(2)	recA(2)	rpoB(1)	rprX(1)
SKBSTL067	bfragilis	-	dnaJ(1)	fusA(-)	groL(1)	prfA(14)	recA(2)	rpoB(-)	rprX(1)
SRR341607_bin_2	bfragilis	69	dnaJ(4)	fusA(23)	groL(1)	prfA(2)	recA(3)	rpoB(5)	rprX(16)
SZAXPI003422_11	bfragilis	-	dnaJ(4)	fusA(-)	groL(1)	prfA(6)	recA(3)	rpoB(-)	rprX(~1)
SZAXPI012067_35	bfragilis	73	dnaJ(4)	fusA(3)	groL(1)	prfA(39)	recA(3)	rpoB(1)	rprX(2)
SZAXPI015216_169	bfragilis	-	dnaJ(4)	fusA(-)	groL(1)	prfA(2)	recA(2)	rpoB(-)	rprX(2)
SZAXPI015250_39	bfragilis	-	dnaJ(4)	fusA(-)	groL(1)	prfA(2)	recA(3)	rpoB(5)	rprX(16)
SZAXPI019838_56	bfragilis	-	dnaJ(1)	fusA(3)	groL(1)	prfA(3)	recA(8)	rpoB(5)	rprX(-)
SZAXPI019865_44	bfragilis	12	dnaJ(4)	fusA(10)	groL(1)	prfA(20)	recA(3)	rpoB(4)	rprX(2)
SZAXPI029475_44	bfragilis	107	dnaJ(4)	fusA(11)	groL(1)	prfA(52)	recA(3)	rpoB(8)	rprX(1)
SZAXPI029574_89	bfragilis	-	dnaJ(10)	fusA(3)	groL(-)	prfA(3)	recA(8)	rpoB(16)	rprX(1)
SZAXPI029590_113	bfragilis	-	dnaJ(49?)	fusA(-)	groL(1)	prfA(21)	recA(2)	rpoB(-)	rprX(2)
SZAXPI029593_133	bfragilis	-	dnaJ(10)	fusA(-)	groL(1)	prfA(2)	recA(2)	rpoB(-)	rprX(2)
T1G	bfragilis	68	dnaJ(4)	fusA(43)	groL(4)	prfA(29)	recA(6)	rpoB(14)	rprX(2)
TF05_31	bfragilis	48	dnaJ(14)	fusA(13)	groL(1)	prfA(6)	recA(3)	rpoB(5)	rprX(2)
TF09_1	bfragilis	63	dnaJ(1)	fusA(27)	groL(1)	prfA(14)	recA(6)	rpoB(1)	rprX(2)
TL139C_1B	bfragilis	149	dnaJ(28)	fusA(3)	groL(1)	prfA(3)	recA(2)	rpoB(5)	rprX(1)
TL139C_2B	bfragilis	149	dnaJ(28)	fusA(3)	groL(1)	prfA(3)	recA(2)	rpoB(5)	rprX(1)
TM08_15	bfragilis	146	dnaJ(21)	fusA(3)	groL(1)	prfA(3)	recA(8)	rpoB(1)	rprX(2)
TRAVELRES37	bfragilis	73	dnaJ(4)	fusA(3)	groL(1)	prfA(39)	recA(3)	rpoB(1)	rprX(2)
TRAVELRES9	bfragilis	-	dnaJ(~28)	fusA(-)	groL(1)	prfA(10)	recA(8)	rpoB(-)	rprX(2)
UBA1684	bfragilis	-	dnaJ(4)	fusA(-)	groL(4)	prfA(29)	recA(2)	rpoB(-)	rprX(2)
V1_CD21_4	bfragilis	-	dnaJ(4)	fusA(-)	groL(~1)	prfA(13?)	recA(6)	rpoB(-)	rprX(1)
V1_CD3_0_PN	bfragilis	-	dnaJ(~21)	fusA(3)	groL(1)	prfA(2)	recA(2)	rpoB(1)	rprX(2)
V1_CD4_0_PT	bfragilis	-	dnaJ(10)	fusA(3)	groL(1)	prfA(2)	recA(6)	rpoB(4)	rprX(-)
V1_CD6_4	bfragilis	-	dnaJ(4)	fusA(-)	groL(1)	prfA(17)	recA(3)	rpoB(-)	rprX(2)
V1_FI21	bfragilis	-	dnaJ(4)	fusA(-)	groL(1)	prfA(2)	recA(~13)	rpoB(-)	rprX(2)
V1_UC15_0	bfragilis	74	dnaJ(4)	fusA(3)	groL(5)	prfA(2)	recA(3)	rpoB(14)	rprX(2)
V1_UC15_3	bfragilis	-	dnaJ(4)	fusA(-)	groL(5)	prfA(2)	recA(3)	rpoB(14)	rprX(2)
YCH46	bfragilis	53	dnaJ(19)	fusA(3)	groL(1)	prfA(2)	recA(6)	rpoB(4)	rprX(2)
YSZC12003_35524	bfragilis	112	dnaJ(4)	fusA(3)	groL(1)	prfA(3)	recA(2)	rpoB(1)	rprX(2)
YSZC12003_36052	bfragilis	-	dnaJ(4)	fusA(3)	groL(1)	prfA(3)	recA(2)	rpoB(-)	rprX(4)
YSZC12003_37205	bfragilis	-	dnaJ(4)	fusA(-)	groL(1)	prfA(3)	recA(~2)	rpoB(-)	rprX(24)
YSZC12003_37207R1	bfragilis	40	dnaJ(10)	fusA(3)	groL(5)	prfA(2)	recA(6)	rpoB(5)	rprX(4)
YSZC12003_37269	bfragilis	-	dnaJ(4)	fusA(3)	groL(~1)	prfA(13?)	recA(6)	rpoB(14?)	rprX(2)
YSZC12003_37652	bfragilis	-	dnaJ(1)	fusA(-)	groL(1)	prfA(3)	recA(-)	rpoB(-)	rprX(12)
YSZC12003_37879	bfragilis	-	dnaJ(4)	fusA(-)	groL(1)	prfA(31)	recA(2)	rpoB(-)	rprX(2)
YSZC12003_37880	bfragilis	-	dnaJ(4)	fusA(-)	groL(1)	prfA(56)	recA(6)	rpoB(1)	rprX(4)
Z_Z143	bfragilis	127	dnaJ(10)	fusA(3)	groL(1)	prfA(20)	recA(3)	rpoB(4)	rprX(2)
